mode: set
github.com/AlexanderThaller/dbfiles/driver.go:19.38,21.2 1 1
github.com/AlexanderThaller/dbfiles/driver.go:23.66,27.16 3 1
github.com/AlexanderThaller/dbfiles/driver.go:31.2,31.12 1 1
github.com/AlexanderThaller/dbfiles/driver.go:27.16,29.3 1 1
github.com/AlexanderThaller/dbfiles/driver.go:34.62,41.16 5 1
github.com/AlexanderThaller/dbfiles/driver.go:45.2,45.20 1 1
github.com/AlexanderThaller/dbfiles/driver.go:41.16,43.3 1 1
github.com/AlexanderThaller/dbfiles/main.go:14.13,16.2 0 1
github.com/AlexanderThaller/dbfiles/main.go:36.21,53.2 14 1
github.com/AlexanderThaller/dbfiles/main.go:55.30,56.6 1 1
github.com/AlexanderThaller/dbfiles/main.go:56.6,62.25 5 1
github.com/AlexanderThaller/dbfiles/main.go:70.3,71.17 2 1
github.com/AlexanderThaller/dbfiles/main.go:76.3,77.17 2 1
github.com/AlexanderThaller/dbfiles/main.go:82.3,87.49 5 1
github.com/AlexanderThaller/dbfiles/main.go:62.25,64.18 2 1
github.com/AlexanderThaller/dbfiles/main.go:64.18,66.13 2 1
github.com/AlexanderThaller/dbfiles/main.go:71.17,73.12 2 0
github.com/AlexanderThaller/dbfiles/main.go:77.17,79.12 2 0
github.com/AlexanderThaller/dbfiles/main.go:91.62,106.2 5 1
github.com/AlexanderThaller/dbfiles/main.go:108.58,110.16 2 1
github.com/AlexanderThaller/dbfiles/main.go:114.2,115.16 2 1
github.com/AlexanderThaller/dbfiles/main.go:119.2,119.20 1 1
github.com/AlexanderThaller/dbfiles/main.go:110.16,112.3 1 0
github.com/AlexanderThaller/dbfiles/main.go:115.16,117.3 1 0
github.com/AlexanderThaller/dbfiles/main.go:122.46,124.24 2 1
github.com/AlexanderThaller/dbfiles/main.go:128.2,129.16 2 1
github.com/AlexanderThaller/dbfiles/main.go:133.2,133.21 1 1
github.com/AlexanderThaller/dbfiles/main.go:124.24,126.3 1 0
github.com/AlexanderThaller/dbfiles/main.go:129.16,131.3 1 0
github.com/AlexanderThaller/dbfiles/main.go:136.85,137.16 1 1
github.com/AlexanderThaller/dbfiles/main.go:141.2,141.17 1 1
github.com/AlexanderThaller/dbfiles/main.go:145.2,145.18 1 1
github.com/AlexanderThaller/dbfiles/main.go:150.2,151.16 2 1
github.com/AlexanderThaller/dbfiles/main.go:156.2,169.12 7 1
github.com/AlexanderThaller/dbfiles/main.go:137.16,139.3 1 0
github.com/AlexanderThaller/dbfiles/main.go:141.17,143.3 1 0
github.com/AlexanderThaller/dbfiles/main.go:145.18,147.3 1 1
github.com/AlexanderThaller/dbfiles/main.go:151.16,153.3 1 0
github.com/AlexanderThaller/dbfiles/main.go:172.36,174.16 2 1
github.com/AlexanderThaller/dbfiles/main.go:178.2,178.12 1 1
github.com/AlexanderThaller/dbfiles/main.go:174.16,176.3 1 0
github.com/AlexanderThaller/dbfiles/structure.go:26.27,31.2 1 1
github.com/AlexanderThaller/dbfiles/structure.go:33.49,35.16 2 1
github.com/AlexanderThaller/dbfiles/structure.go:39.2,39.12 1 1
github.com/AlexanderThaller/dbfiles/structure.go:35.16,37.3 1 1
github.com/AlexanderThaller/dbfiles/structure.go:42.98,48.16 4 1
github.com/AlexanderThaller/dbfiles/structure.go:52.2,52.43 1 1
github.com/AlexanderThaller/dbfiles/structure.go:48.16,50.3 1 0
github.com/AlexanderThaller/dbfiles/structure.go:55.83,62.12 5 1
github.com/AlexanderThaller/dbfiles/structure.go:67.2,70.16 4 1
github.com/AlexanderThaller/dbfiles/structure.go:74.2,77.18 3 1
github.com/AlexanderThaller/dbfiles/structure.go:62.12,65.3 2 1
github.com/AlexanderThaller/dbfiles/structure.go:70.16,72.3 1 0
github.com/AlexanderThaller/dbfiles/structure.go:85.50,93.6 6 1
github.com/AlexanderThaller/dbfiles/structure.go:108.2,110.18 2 1
github.com/AlexanderThaller/dbfiles/structure.go:93.6,95.17 2 1
github.com/AlexanderThaller/dbfiles/structure.go:105.3,105.8 1 1
github.com/AlexanderThaller/dbfiles/structure.go:95.17,96.20 1 0
github.com/AlexanderThaller/dbfiles/structure.go:102.4,102.53 1 0
github.com/AlexanderThaller/dbfiles/structure.go:96.20,99.13 3 0
github.com/AlexanderThaller/dbfiles/structure.go:113.41,115.2 1 0
github.com/AlexanderThaller/dbfiles/structure.go:117.61,133.2 12 1
github.com/AlexanderThaller/dbfiles/structure.go:135.62,148.2 9 1
